<?xml version="1.0" encoding="UTF-8"?>
<!-- Generated by org.testng.reporters.JUnitReportReporter -->
<testsuite hostname="HIMANSU-PC" name="com.core.test.testng.LifeCycle" tests="2" failures="0"
           timestamp="25 Aug 2015 06:12:47 GMT" time="0.000" errors="0">
    <testcase name="function2" time="0.000" classname="com.core.test.testng.LifeCycle"/>
    <testcase name="function" time="0.000" classname="com.core.test.testng.LifeCycle"/>
</testsuite> <!-- com.core.test.testng.LifeCycle -->
