<?xml version="1.0" encoding="UTF-8"?>
<!-- Generated by org.testng.reporters.JUnitReportReporter -->
<testsuite hostname="IE00104968" name="com.core.test.testng.UnitTest" tests="3" failures="0"
           timestamp="26 Aug 2015 13:49:40 GMT" time="0.021" errors="0">
    <testcase name="function2" time="0.001" classname="com.core.test.testng.UnitTest"/>
    <testcase name="testException" time="0.001" classname="com.core.test.testng.UnitTest"/>
    <testcase name="function" time="0.019" classname="com.core.test.testng.UnitTest"/>
</testsuite> <!-- com.core.test.testng.UnitTest -->
